


ARM Macro Assembler    Page 1 


    1 00000000                 AREA             RESET,DATA,READONLY
    2 00000000                 EXPORT           __Vectors
    3 00000000         __Vectors
    4 00000000 10001000        DCD              0x10001000
    5 00000004 00000000        DCD              Reset_Handler
    6 00000008                 ALIGN
    7 00000008                 AREA             mycode,CODE,READONLY
    8 00000000                 ENTRY
    9 00000000                 EXPORT           Reset_Handler
   10 00000000         Reset_Handler
   11 00000000 4803            LDR              R0,=N1
   12 00000002 4A04            LDR              R2,=DST
   13 00000004 7801            LDRB             R1,[R0]
   14 00000006 7011            STRB             R1,[R2]
   15 00000008 E7FE    STOP    B                STOP
   16 0000000A 01 02 03 
                       N1      DCB              0x01,0x02,0x03
   17 0000000D 00 00 00 
              00000000 
              00000000         AREA             data,DATA,READWRITE
   18 00000000 00000000 
                       DST     DCD              0
   19 00000004                 END
Command Line: --debug --xref --diag_suppress=9931 --cpu=Cortex-M3 --apcs=interw
ork --depend=.\file.d -o.\file.o -IC:\Keil_v5\ARM\RV31\INC -IC:\Keil_v5\ARM\CMS
IS\Include -IC:\Keil_v5\ARM\INC\NXP\LPC17xx --predefine="__EVAL SETA 1" --prede
fine="__UVISION_VERSION SETA 538" --list=.\file.lst CODES\FILE.s



ARM Macro Assembler    Page 1 Alphabetic symbol ordering
Relocatable symbols

RESET 00000000

Symbol: RESET
   Definitions
      At line 1 in file CODES\FILE.s
   Uses
      None
Comment: RESET unused
__Vectors 00000000

Symbol: __Vectors
   Definitions
      At line 3 in file CODES\FILE.s
   Uses
      At line 2 in file CODES\FILE.s
Comment: __Vectors used once
2 symbols



ARM Macro Assembler    Page 1 Alphabetic symbol ordering
Relocatable symbols

N1 0000000A

Symbol: N1
   Definitions
      At line 16 in file CODES\FILE.s
   Uses
      At line 11 in file CODES\FILE.s
Comment: N1 used once
Reset_Handler 00000000

Symbol: Reset_Handler
   Definitions
      At line 10 in file CODES\FILE.s
   Uses
      At line 5 in file CODES\FILE.s
      At line 9 in file CODES\FILE.s

STOP 00000008

Symbol: STOP
   Definitions
      At line 15 in file CODES\FILE.s
   Uses
      At line 15 in file CODES\FILE.s
Comment: STOP used once
mycode 00000000

Symbol: mycode
   Definitions
      At line 7 in file CODES\FILE.s
   Uses
      None
Comment: mycode unused
4 symbols



ARM Macro Assembler    Page 1 Alphabetic symbol ordering
Relocatable symbols

DST 00000000

Symbol: DST
   Definitions
      At line 18 in file CODES\FILE.s
   Uses
      At line 12 in file CODES\FILE.s
Comment: DST used once
data 00000000

Symbol: data
   Definitions
      At line 17 in file CODES\FILE.s
   Uses
      None
Comment: data unused
2 symbols
342 symbols in table
